0 info it worked if it ends with ok
1 verbose cli [ 'C:\\Program Files\\nodejs\\\\node.exe',
1 verbose cli   'C:\\Program Files\\nodejs\\node_modules\\npm\\bin\\npm-cli.js',
1 verbose cli   'install' ]
2 info using npm@1.4.28
3 info using node@v0.10.32
4 verbose node symlink C:\Program Files\nodejs\\node.exe
5 verbose readDependencies using package.json deps
6 verbose install where, deps [ 'C:\\Users\\Kellison\\Documents\\GitHub\\FloraMap',
6 verbose install   [ 'backbone',
6 verbose install     'body-parser',
6 verbose install     'bootstrap',
6 verbose install     'bson',
6 verbose install     'errorhandler',
6 verbose install     'everyauth',
6 verbose install     'express',
6 verbose install     'jquery',
6 verbose install     'mongodb',
6 verbose install     'mongoose',
6 verbose install     'morgan',
6 verbose install     'passport',
6 verbose install     'passport-local',
6 verbose install     'socket.io',
6 verbose install     'underscore' ] ]
7 info preinstall FloraMap@0.0.1
8 verbose readDependencies using package.json deps
9 verbose already installed skipping backbone@* C:\Users\Kellison\Documents\GitHub\FloraMap
10 verbose already installed skipping body-parser@* C:\Users\Kellison\Documents\GitHub\FloraMap
11 verbose already installed skipping bootstrap@* C:\Users\Kellison\Documents\GitHub\FloraMap
12 verbose already installed skipping bson@^0.2.15 C:\Users\Kellison\Documents\GitHub\FloraMap
13 verbose already installed skipping errorhandler@^1.2.2 C:\Users\Kellison\Documents\GitHub\FloraMap
14 verbose already installed skipping everyauth@* C:\Users\Kellison\Documents\GitHub\FloraMap
15 verbose already installed skipping express@* C:\Users\Kellison\Documents\GitHub\FloraMap
16 verbose already installed skipping jquery@* C:\Users\Kellison\Documents\GitHub\FloraMap
17 verbose cache add [ 'mongodb@^2.6.4', null ]
18 verbose cache add name=undefined spec="mongodb@^2.6.4" args=["mongodb@^2.6.4",null]
19 verbose parsed url { protocol: null,
19 verbose parsed url   slashes: null,
19 verbose parsed url   auth: null,
19 verbose parsed url   host: null,
19 verbose parsed url   port: null,
19 verbose parsed url   hostname: null,
19 verbose parsed url   hash: null,
19 verbose parsed url   search: null,
19 verbose parsed url   query: null,
19 verbose parsed url   pathname: 'mongodb@^2.6.4',
19 verbose parsed url   path: 'mongodb@^2.6.4',
19 verbose parsed url   href: 'mongodb@^2.6.4' }
20 verbose already installed skipping mongoose@^3.8.17 C:\Users\Kellison\Documents\GitHub\FloraMap
21 verbose already installed skipping morgan@^1.4.0 C:\Users\Kellison\Documents\GitHub\FloraMap
22 verbose already installed skipping passport@* C:\Users\Kellison\Documents\GitHub\FloraMap
23 verbose already installed skipping passport-local@* C:\Users\Kellison\Documents\GitHub\FloraMap
24 verbose already installed skipping socket.io@* C:\Users\Kellison\Documents\GitHub\FloraMap
25 verbose already installed skipping underscore@* C:\Users\Kellison\Documents\GitHub\FloraMap
26 verbose cache add name="mongodb" spec="^2.6.4" args=["mongodb","^2.6.4"]
27 verbose parsed url { protocol: null,
27 verbose parsed url   slashes: null,
27 verbose parsed url   auth: null,
27 verbose parsed url   host: null,
27 verbose parsed url   port: null,
27 verbose parsed url   hostname: null,
27 verbose parsed url   hash: null,
27 verbose parsed url   search: null,
27 verbose parsed url   query: null,
27 verbose parsed url   pathname: '^2.6.4',
27 verbose parsed url   path: '^2.6.4',
27 verbose parsed url   href: '^2.6.4' }
28 verbose addNamed [ 'mongodb', '^2.6.4' ]
29 verbose addNamed [ null, '>=2.6.4-0 <3.0.0-0' ]
30 silly lockFile 2dcdda4a-mongodb-2-6-4 mongodb@^2.6.4
31 verbose lock mongodb@^2.6.4 C:\Users\Kellison\AppData\Roaming\npm-cache\2dcdda4a-mongodb-2-6-4.lock
32 silly addNameRange { name: 'mongodb', range: '>=2.6.4-0 <3.0.0-0', hasData: false }
33 verbose request where is /mongodb
34 verbose request registry https://registry.npmjs.org/
35 verbose request id ce735bf6cc062235
36 verbose url raw /mongodb
37 verbose url resolving [ 'https://registry.npmjs.org/', './mongodb' ]
38 verbose url resolved https://registry.npmjs.org/mongodb
39 verbose request where is https://registry.npmjs.org/mongodb
40 info trying registry request attempt 1 at 02:20:36
41 verbose etag "DYKPM95NANPCLZ5V0K04ZN9C2"
42 http GET https://registry.npmjs.org/mongodb
43 http 304 https://registry.npmjs.org/mongodb
44 silly registry.get cb [ 304,
44 silly registry.get   { date: 'Mon, 20 Oct 2014 07:20:37 GMT',
44 silly registry.get     server: 'Apache',
44 silly registry.get     via: '1.1 varnish',
44 silly registry.get     'last-modified': 'Mon, 20 Oct 2014 07:20:37 GMT',
44 silly registry.get     'cache-control': 'max-age=60',
44 silly registry.get     etag: '"DYKPM95NANPCLZ5V0K04ZN9C2"',
44 silly registry.get     age: '0',
44 silly registry.get     'x-served-by': 'cache-ord1723-ORD',
44 silly registry.get     'x-cache': 'HIT',
44 silly registry.get     'x-cache-hits': '1',
44 silly registry.get     'x-timer': 'S1413789637.585324,VS0,VE65',
44 silly registry.get     vary: 'Accept',
44 silly registry.get     'content-length': '0',
44 silly registry.get     'keep-alive': 'timeout=10, max=50',
44 silly registry.get     connection: 'Keep-Alive' } ]
45 verbose etag https://registry.npmjs.org/mongodb from cache
46 silly addNameRange number 2 { name: 'mongodb', range: '>=2.6.4-0 <3.0.0-0', hasData: true }
47 silly addNameRange versions [ 'mongodb',
47 silly addNameRange   [ '0.9.4',
47 silly addNameRange     '0.9.4-4',
47 silly addNameRange     '0.9.3',
47 silly addNameRange     '0.9.1',
47 silly addNameRange     '0.9.2',
47 silly addNameRange     '0.9.6-7',
47 silly addNameRange     '0.9.6-8',
47 silly addNameRange     '0.9.6-9',
47 silly addNameRange     '0.9.6-10',
47 silly addNameRange     '0.9.6-11',
47 silly addNameRange     '0.9.6-12',
47 silly addNameRange     '0.9.6-13',
47 silly addNameRange     '0.9.6-14',
47 silly addNameRange     '0.9.6-15',
47 silly addNameRange     '0.9.6-16',
47 silly addNameRange     '0.9.6-17',
47 silly addNameRange     '0.9.6-18',
47 silly addNameRange     '0.9.6-19',
47 silly addNameRange     '0.9.6-20',
47 silly addNameRange     '0.9.6-21',
47 silly addNameRange     '0.9.6-22',
47 silly addNameRange     '0.9.6-23',
47 silly addNameRange     '0.9.7',
47 silly addNameRange     '0.9.7-0',
47 silly addNameRange     '0.9.7-1',
47 silly addNameRange     '0.9.7-1.1',
47 silly addNameRange     '0.9.7-1.2',
47 silly addNameRange     '0.9.7-1.3',
47 silly addNameRange     '0.9.7-1.4',
47 silly addNameRange     '0.9.7-2',
47 silly addNameRange     '0.9.7-2-1',
47 silly addNameRange     '0.9.7-2-2',
47 silly addNameRange     '0.9.7-2-3',
47 silly addNameRange     '0.9.7-2-4',
47 silly addNameRange     '0.9.7-2-5',
47 silly addNameRange     '0.9.7-3',
47 silly addNameRange     '0.9.7-3-1',
47 silly addNameRange     '0.9.7-3-2',
47 silly addNameRange     '0.9.7-3-3',
47 silly addNameRange     '0.9.7-3-4',
47 silly addNameRange     '0.9.7-3-5',
47 silly addNameRange     '0.9.8',
47 silly addNameRange     '0.9.8-1',
47 silly addNameRange     '0.9.8-2',
47 silly addNameRange     '0.9.8-3',
47 silly addNameRange     '0.9.8-4',
47 silly addNameRange     '0.9.8-5',
47 silly addNameRange     '0.9.8-6',
47 silly addNameRange     '0.9.8-7',
47 silly addNameRange     '0.9.9',
47 silly addNameRange     '0.9.9-1',
47 silly addNameRange     '0.9.9-2',
47 silly addNameRange     '0.9.9-3',
47 silly addNameRange     '0.9.9-4',
47 silly addNameRange     '0.9.9-5',
47 silly addNameRange     '0.9.9-6',
47 silly addNameRange     '0.9.9-7',
47 silly addNameRange     '0.9.9-8',
47 silly addNameRange     '1.0.0',
47 silly addNameRange     '1.0.1',
47 silly addNameRange     '1.0.2',
47 silly addNameRange     '1.1.0-beta',
47 silly addNameRange     '1.1.0',
47 silly addNameRange     '1.1.1',
47 silly addNameRange     '1.1.2',
47 silly addNameRange     '1.1.3',
47 silly addNameRange     '1.1.4',
47 silly addNameRange     '1.1.5',
47 silly addNameRange     '1.1.6',
47 silly addNameRange     '1.1.7',
47 silly addNameRange     '1.1.8',
47 silly addNameRange     '1.1.9',
47 silly addNameRange     '1.1.10',
47 silly addNameRange     '1.1.11',
47 silly addNameRange     '1.2.0',
47 silly addNameRange     '1.2.1',
47 silly addNameRange     '1.2.2',
47 silly addNameRange     '1.2.3',
47 silly addNameRange     '1.2.4',
47 silly addNameRange     '1.2.5',
47 silly addNameRange     '1.2.6',
47 silly addNameRange     '1.2.7',
47 silly addNameRange     '1.2.8',
47 silly addNameRange     '1.2.9',
47 silly addNameRange     '1.2.10',
47 silly addNameRange     '1.2.11',
47 silly addNameRange     '1.2.12',
47 silly addNameRange     '1.2.13',
47 silly addNameRange     '1.2.14',
47 silly addNameRange     '1.3.0',
47 silly addNameRange     '1.3.1',
47 silly addNameRange     '1.3.2',
47 silly addNameRange     '1.3.3',
47 silly addNameRange     '1.3.4',
47 silly addNameRange     '1.3.5',
47 silly addNameRange     '1.3.6',
47 silly addNameRange     '1.3.7',
47 silly addNameRange     '1.3.8',
47 silly addNameRange     '1.3.9',
47 silly addNameRange     '1.3.10',
47 silly addNameRange     '1.3.11',
47 silly addNameRange     '1.3.12',
47 silly addNameRange     '1.3.14',
47 silly addNameRange     '1.3.15',
47 silly addNameRange     '1.3.17',
47 silly addNameRange     '1.3.18',
47 silly addNameRange     '1.3.19',
47 silly addNameRange     '1.4.0-rc2',
47 silly addNameRange     '1.3.20',
47 silly addNameRange     '1.4.0-rc3',
47 silly addNameRange     '1.3.21',
47 silly addNameRange     '1.3.22',
47 silly addNameRange     '1.3.23',
47 silly addNameRange     '1.4.0-rc4',
47 silly addNameRange     '1.4.0-rc5',
47 silly addNameRange     '1.4.0-rc6',
47 silly addNameRange     '1.4.0-rc7',
47 silly addNameRange     '1.4.0-rc8',
47 silly addNameRange     '1.4.0-rc9',
47 silly addNameRange     '1.4.0-rc10',
47 silly addNameRange     '1.4.0',
47 silly addNameRange     '1.4.1',
47 silly addNameRange     '1.4.2',
47 silly addNameRange     '1.4.3',
47 silly addNameRange     '1.4.4',
47 silly addNameRange     '1.4.5',
47 silly addNameRange     '1.4.6',
47 silly addNameRange     '1.4.7',
47 silly addNameRange     '1.4.8',
47 silly addNameRange     '1.4.9',
47 silly addNameRange     '1.4.10',
47 silly addNameRange     '2.0.0-alpha1',
47 silly addNameRange     '1.4.11',
47 silly addNameRange     '1.4.12',
47 silly addNameRange     '1.4.14',
47 silly addNameRange     '1.4.15',
47 silly addNameRange     '1.4.16',
47 silly addNameRange     '1.4.17',
47 silly addNameRange     '2.0.0-alpha2',
47 silly addNameRange     '1.4.18',
47 silly addNameRange     '2.0.0',
47 silly addNameRange     '2.0.1',
47 silly addNameRange     '2.0.2',
47 silly addNameRange     '1.4.19',
47 silly addNameRange     '2.0.3' ] ]
48 silly lockFile 2dcdda4a-mongodb-2-6-4 mongodb@^2.6.4
49 silly lockFile 2dcdda4a-mongodb-2-6-4 mongodb@^2.6.4
50 error notarget No compatible version found: mongodb@'>=2.6.4-0 <3.0.0-0'
50 error notarget Valid install targets:
50 error notarget ["0.9.4","0.9.4-4","0.9.3","0.9.1","0.9.2","0.9.6-7","0.9.6-8","0.9.6-9","0.9.6-10","0.9.6-11","0.9.6-12","0.9.6-13","0.9.6-14","0.9.6-15","0.9.6-16","0.9.6-17","0.9.6-18","0.9.6-19","0.9.6-20","0.9.6-21","0.9.6-22","0.9.6-23","0.9.7","0.9.7-0","0.9.7-1","0.9.7-1.1","0.9.7-1.2","0.9.7-1.3","0.9.7-1.4","0.9.7-2","0.9.7-2-1","0.9.7-2-2","0.9.7-2-3","0.9.7-2-4","0.9.7-2-5","0.9.7-3","0.9.7-3-1","0.9.7-3-2","0.9.7-3-3","0.9.7-3-4","0.9.7-3-5","0.9.8","0.9.8-1","0.9.8-2","0.9.8-3","0.9.8-4","0.9.8-5","0.9.8-6","0.9.8-7","0.9.9","0.9.9-1","0.9.9-2","0.9.9-3","0.9.9-4","0.9.9-5","0.9.9-6","0.9.9-7","0.9.9-8","1.0.0","1.0.1","1.0.2","1.1.0-beta","1.1.0","1.1.1","1.1.2","1.1.3","1.1.4","1.1.5","1.1.6","1.1.7","1.1.8","1.1.9","1.1.10","1.1.11","1.2.0","1.2.1","1.2.2","1.2.3","1.2.4","1.2.5","1.2.6","1.2.7","1.2.8","1.2.9","1.2.10","1.2.11","1.2.12","1.2.13","1.2.14","1.3.0","1.3.1","1.3.2","1.3.3","1.3.4","1.3.5","1.3.6","1.3.7","1.3.8","1.3.9","1.3.10","1.3.11","1.3.12","1.3.14","1.3.15","1.3.17","1.3.18","1.3.19","1.4.0-rc2","1.3.20","1.4.0-rc3","1.3.21","1.3.22","1.3.23","1.4.0-rc4","1.4.0-rc5","1.4.0-rc6","1.4.0-rc7","1.4.0-rc8","1.4.0-rc9","1.4.0-rc10","1.4.0","1.4.1","1.4.2","1.4.3","1.4.4","1.4.5","1.4.6","1.4.7","1.4.8","1.4.9","1.4.10","2.0.0-alpha1","1.4.11","1.4.12","1.4.14","1.4.15","1.4.16","1.4.17","2.0.0-alpha2","1.4.18","2.0.0","2.0.1","2.0.2","1.4.19","2.0.3"]
50 error notarget
50 error notarget This is most likely not a problem with npm itself.
50 error notarget In most cases you or one of your dependencies are requesting
50 error notarget a package version that doesn't exist.
51 error System Windows_NT 6.2.9200
52 error command "C:\\Program Files\\nodejs\\\\node.exe" "C:\\Program Files\\nodejs\\node_modules\\npm\\bin\\npm-cli.js" "install"
53 error cwd C:\Users\Kellison\Documents\GitHub\FloraMap
54 error node -v v0.10.32
55 error npm -v 1.4.28
56 error code ETARGET
57 verbose exit [ 1, true ]
